[debug] [2023-03-28T17:59:05.732Z] ----------------------------------------------------------------------
[debug] [2023-03-28T17:59:05.732Z] Command:       /usr/local/bin/node /usr/local/bin/firebase init
[debug] [2023-03-28T17:59:05.733Z] CLI Version:   11.25.1
[debug] [2023-03-28T17:59:05.733Z] Platform:      darwin
[debug] [2023-03-28T17:59:05.733Z] Node Version:  v18.12.1
[debug] [2023-03-28T17:59:05.733Z] Time:          Tue Mar 28 2023 10:59:05 GMT-0700 (Pacific Daylight Time)
[debug] [2023-03-28T17:59:05.733Z] ----------------------------------------------------------------------
[debug] 
[debug] [2023-03-28T17:59:05.735Z] > command requires scopes: ["email","openid","https://www.googleapis.com/auth/cloudplatformprojects.readonly","https://www.googleapis.com/auth/firebase","https://www.googleapis.com/auth/cloud-platform"]
[debug] [2023-03-28T17:59:05.735Z] > authorizing via signed-in user (jasanidarsh3@gmail.com)
[info] 
     ######## #### ########  ######## ########     ###     ######  ########
     ##        ##  ##     ## ##       ##     ##  ##   ##  ##       ##
     ######    ##  ########  ######   ########  #########  ######  ######
     ##        ##  ##    ##  ##       ##     ## ##     ##       ## ##
     ##       #### ##     ## ######## ########  ##     ##  ######  ########

You're about to initialize a Firebase project in this directory:

  /Users/darshkumarjasani/Desktop/College/Website/slack-clone

[info] 
=== Project Setup
[info] 
[info] First, let's associate this project directory with a Firebase project.
[info] You can create multiple project aliases by running firebase use --add, 
[info] but for now we'll just set up a default project.
[info] 
[debug] [2023-03-28T17:59:39.684Z] >>> [apiv2][query] GET https://firebase.googleapis.com/v1beta1/projects pageSize=100
[debug] [2023-03-28T17:59:40.230Z] <<< [apiv2][status] GET https://firebase.googleapis.com/v1beta1/projects 200
[debug] [2023-03-28T17:59:40.230Z] <<< [apiv2][body] GET https://firebase.googleapis.com/v1beta1/projects [omitted]
[info] i  Using project slack-cone-c0ca8 (slack-cone) 
[info] 
=== Hosting Setup
[info] 
[info] Your public directory is the folder (relative to your project directory) that
[info] will contain Hosting assets to be uploaded with firebase deploy. If you
[info] have a build process for your assets, use your build's output directory.
[info] 
[debug] [2023-03-28T18:00:18.155Z] >>> [apiv2][query] GET https://www.gstatic.com/firebasejs/releases.json [none]
[debug] [2023-03-28T18:00:18.215Z] <<< [apiv2][status] GET https://www.gstatic.com/firebasejs/releases.json 200
[debug] [2023-03-28T18:00:18.215Z] <<< [apiv2][body] GET https://www.gstatic.com/firebasejs/releases.json {"current":{"version":"9.18.0","browserURL":"https://www.gstatic.com/firebasejs/9.18.0/firebase.js","packageURL":"https://www.gstatic.com/firebasejs/9.18.0/firebase.tgz"},"live":{"version":"9.18","browserURL":"https://www.gstatic.com/firebasejs/live/9.18/firebase.js","packageURL":"https://www.gstatic.com/firebasejs/live/9.18/firebase.tgz"},"components":{"analytics":"https://www.gstatic.com/firebasejs/9.18.0/firebase-analytics.js","app":"https://www.gstatic.com/firebasejs/9.18.0/firebase-app.js","app-check":"https://www.gstatic.com/firebasejs/9.18.0/firebase-app-check.js","auth":"https://www.gstatic.com/firebasejs/9.18.0/firebase-auth.js","auth/cordova":"https://www.gstatic.com/firebasejs/9.18.0/firebase-auth/cordova.js","auth/react-native":"https://www.gstatic.com/firebasejs/9.18.0/firebase-auth/react-native.js","functions":"https://www.gstatic.com/firebasejs/9.18.0/firebase-functions.js","firestore":"https://www.gstatic.com/firebasejs/9.18.0/firebase-firestore.js","firestore/lite":"https://www.gstatic.com/firebasejs/9.18.0/firebase-firestore/lite.js","installations":"https://www.gstatic.com/firebasejs/9.18.0/firebase-installations.js","storage":"https://www.gstatic.com/firebasejs/9.18.0/firebase-storage.js","performance":"https://www.gstatic.com/firebasejs/9.18.0/firebase-performance.js","remote-config":"https://www.gstatic.com/firebasejs/9.18.0/firebase-remote-config.js","messaging":"https://www.gstatic.com/firebasejs/9.18.0/firebase-messaging.js","messaging/sw":"https://www.gstatic.com/firebasejs/9.18.0/firebase-messaging/sw.js","database":"https://www.gstatic.com/firebasejs/9.18.0/firebase-database.js","firestore.memory":"https://www.gstatic.com/firebasejs/9.18.0/firebase-firestore.memory.js"}}
[info] ✔  Wrote build/index.html 
[info] 
[info] i  Detected a .git folder at /Users/darshkumarjasani/Desktop/College/Website/slack-clone 
[info] i  Authorizing with GitHub to upload your service account to a GitHub repository's secrets store. 
[info] 
[info] Visit this URL on this device to log in:
[info] https://github.com/login/oauth/authorize?client_id=89cf50f02ac6aaed3484&state=198333808&redirect_uri=http%3A%2F%2Flocalhost%3A9005&scope=read%3Auser%20repo%20public_repo
[info] 
[info] Waiting for authentication...
[debug] [2023-03-28T18:00:54.527Z] >>> [apiv2][query] POST https://github.com/login/oauth/access_token [none]
[debug] [2023-03-28T18:00:54.528Z] >>> [apiv2][body] POST https://github.com/login/oauth/access_token [stream]
[debug] [2023-03-28T18:00:54.833Z] <<< [apiv2][status] POST https://github.com/login/oauth/access_token 200
[debug] [2023-03-28T18:00:54.834Z] <<< [apiv2][body] POST https://github.com/login/oauth/access_token {"access_token":"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","token_type":"bearer","scope":"read:user,repo"}
[debug] [2023-03-28T18:00:54.844Z] >>> [apiv2][query] GET https://api.github.com/user [none]
[debug] [2023-03-28T18:00:55.196Z] <<< [apiv2][status] GET https://api.github.com/user 200
[debug] [2023-03-28T18:00:55.197Z] <<< [apiv2][body] GET https://api.github.com/user {"login":"darshjasani","id":64205311,"node_id":"MDQ6VXNlcjY0MjA1MzEx","avatar_url":"https://avatars.githubusercontent.com/u/64205311?v=4","gravatar_id":"","url":"https://api.github.com/users/darshjasani","html_url":"https://github.com/darshjasani","followers_url":"https://api.github.com/users/darshjasani/followers","following_url":"https://api.github.com/users/darshjasani/following{/other_user}","gists_url":"https://api.github.com/users/darshjasani/gists{/gist_id}","starred_url":"https://api.github.com/users/darshjasani/starred{/owner}{/repo}","subscriptions_url":"https://api.github.com/users/darshjasani/subscriptions","organizations_url":"https://api.github.com/users/darshjasani/orgs","repos_url":"https://api.github.com/users/darshjasani/repos","events_url":"https://api.github.com/users/darshjasani/events{/privacy}","received_events_url":"https://api.github.com/users/darshjasani/received_events","type":"User","site_admin":false,"name":"Darsh Jasani","company":"The Maharaja Sayajirao University of Baroda","blog":"https://www.linkedin.com/in/darsh-jasani","location":"Vadodara,Gujarat","email":null,"hireable":null,"bio":"Machine Learning & Artificial Intelligence Enthusiast | Blogger","twitter_username":"jasanidarsh3","public_repos":25,"public_gists":0,"followers":10,"following":25,"created_at":"2020-04-23T12:31:29Z","updated_at":"2023-03-15T18:57:41Z","private_gists":0,"total_private_repos":1,"owned_private_repos":1,"disk_usage":102975,"collaborators":0,"two_factor_authentication":false,"plan":{"name":"free","space":976562499,"collaborators":0,"private_repos":10000}}
[info] 
[info] ✔  Success! Logged into GitHub as darshjasani 
[info] 
